<!DOCTYPE html PUBLIC "-//W3C//DTD XHTML 1.1//EN" "https://www.w3.org/TR/xhtml11/DTD/xhtml11.dtd">
<html xmlns="https://www.w3.org/1999/xhtml">
<head>
<meta http-equiv="content-type" content="text/html; charset=UTF-8"/>
<title>TestNG Report</title>
<style type="text/css">table {margin-bottom:10px;border-collapse:collapse;empty-cells:show}th,td {border:1px solid #009;padding:.25em .5em}th {vertical-align:bottom}td {vertical-align:top}table a {font-weight:bold}.stripe td {background-color: #E6EBF9}.num {text-align:right}.passedodd td {background-color: #3F3}.passedeven td {background-color: #0A0}.skippedodd td {background-color: #DDD}.skippedeven td {background-color: #CCC}.failedodd td,.attn {background-color: #F33}.failedeven td,.stripe .attn {background-color: #D00}.stacktrace {white-space:pre;font-family:monospace}.totop {font-size:85%;text-align:center;border-bottom:2px solid #000}.invisible {display:none}</style>
</head>
<body>
<table>
<tr><th>Test</th><th># Passed</th><th># Skipped</th><th># Retried</th><th># Failed</th><th>Time (ms)</th><th>Included Groups</th><th>Excluded Groups</th></tr>
<tr><th colspan="8">Suite</th></tr>
<tr><td><a href="#t0">ChromeBrowser</a></td><td class="num">2</td><td class="num">0</td><td class="num attn">2</td><td class="num attn">1</td><td class="num">29,026</td><td></td><td></td></tr>
</table>
<table id='summary'><thead><tr><th>Class</th><th>Method</th><th>Start</th><th>Time (ms)</th></tr></thead><tbody><tr><th colspan="4">Suite</th></tr></tbody><tbody id="t0"><tr><th colspan="4">ChromeBrowser &#8212; failed</th></tr><tr class="failedeven"><td rowspan="1">org.devlab.ui.testbed.LoginTest</td><td><a href="#m0">Login_with_with_set_of_Invalid_data</a></td><td rowspan="1">1589661030184</td><td rowspan="1">2191</td></tr><tr><th colspan="4">ChromeBrowser &#8212; retried</th></tr><tr class="retriedeven"><td rowspan="2">org.devlab.ui.testbed.LoginTest</td><td><a href="#m1">Login_with_with_set_of_Invalid_data</a></td><td rowspan="2">1589661014367</td><td rowspan="2">2392</td></tr><tr class="retriedeven"><td><a href="#m2">Login_with_with_set_of_Invalid_data</a></td></tr><tr><th colspan="4">ChromeBrowser &#8212; passed</th></tr><tr class="passedeven"><td rowspan="1">org.devlab.ui.testbed.LoginTest</td><td><a href="#m3">Login_with_with_set_of_valid_data</a></td><td rowspan="1">1589661013628</td><td rowspan="1">2939</td></tr><tr class="passedodd"><td rowspan="1">org.devlab.ui.testbed.RegistrationTest</td><td><a href="#m4">register_user_with_valid_setof_data</a></td><td rowspan="1">1589661013608</td><td rowspan="1">3415</td></tr></tbody>
</table>
<h2>ChromeBrowser</h2><h3 id="m0">org.devlab.ui.testbed.LoginTest#Login_with_with_set_of_Invalid_data</h3><table class="result"><tr><th>Exception</th></tr><tr><td><div class="stacktrace">java.lang.AssertionError: Failed to login into application with valid set of user :StageUser:StagePwd expected [false] but found [true]
	at org.devlab.ui.testbed.LoginTest.Login_with_with_set_of_Invalid_data(LoginTest.java:50)
	at java.util.concurrent.ThreadPoolExecutor.runWorker(ThreadPoolExecutor.java:1149)
	at java.util.concurrent.ThreadPoolExecutor$Worker.run(ThreadPoolExecutor.java:624)
	at java.lang.Thread.run(Thread.java:748)
... Removed 15 stack frames</div></td></tr></table><p class="totop"><a href="#summary">back to summary</a></p>
<h3 id="m1">org.devlab.ui.testbed.LoginTest#Login_with_with_set_of_Invalid_data</h3><table class="result"><tr><th>Exception</th></tr><tr><td><div class="stacktrace">java.lang.AssertionError: Failed to login into application with valid set of user :StageUser:StagePwd expected [false] but found [true]
	at org.devlab.ui.testbed.LoginTest.Login_with_with_set_of_Invalid_data(LoginTest.java:50)
	at java.util.concurrent.ThreadPoolExecutor.runWorker(ThreadPoolExecutor.java:1149)
	at java.util.concurrent.ThreadPoolExecutor$Worker.run(ThreadPoolExecutor.java:624)
	at java.lang.Thread.run(Thread.java:748)
... Removed 15 stack frames</div></td></tr></table><p class="totop"><a href="#summary">back to summary</a></p>
<h3 id="m2">org.devlab.ui.testbed.LoginTest#Login_with_with_set_of_Invalid_data</h3><table class="result"><tr><th>Exception</th></tr><tr><td><div class="stacktrace">java.lang.AssertionError: Failed to login into application with valid set of user :StageUser:StagePwd expected [false] but found [true]
	at org.devlab.ui.testbed.LoginTest.Login_with_with_set_of_Invalid_data(LoginTest.java:50)
	at java.util.concurrent.ThreadPoolExecutor.runWorker(ThreadPoolExecutor.java:1149)
	at java.util.concurrent.ThreadPoolExecutor$Worker.run(ThreadPoolExecutor.java:624)
	at java.lang.Thread.run(Thread.java:748)
... Removed 15 stack frames</div></td></tr></table><p class="totop"><a href="#summary">back to summary</a></p>
<h3 id="m3">org.devlab.ui.testbed.LoginTest#Login_with_with_set_of_valid_data</h3><table class="result"><tr><th class="invisible"/></tr></table><p class="totop"><a href="#summary">back to summary</a></p>
<h3 id="m4">org.devlab.ui.testbed.RegistrationTest#register_user_with_valid_setof_data</h3><table class="result"><tr><th class="invisible"/></tr></table><p class="totop"><a href="#summary">back to summary</a></p>
</body>
</html>
